2017-03-05 23:49:06.586 INFO  (main) [   ] o.e.j.s.Server jetty-9.3.8.v20160314
2017-03-05 23:49:06.863 INFO  (main) [   ] o.a.s.s.SolrDispatchFilter  ___      _       Welcome to Apache Solr™ version 6.3.0
2017-03-05 23:49:06.863 INFO  (main) [   ] o.a.s.s.SolrDispatchFilter / __| ___| |_ _   Starting in standalone mode on port 8983
2017-03-05 23:49:06.863 INFO  (main) [   ] o.a.s.s.SolrDispatchFilter \__ \/ _ \ | '_|  Install dir: /home/mansk/workspace/article_library/solr-6.3.0
2017-03-05 23:49:06.936 INFO  (main) [   ] o.a.s.s.SolrDispatchFilter |___/\___/_|_|    Start time: 2017-03-05T23:49:06.864Z
2017-03-05 23:49:06.936 INFO  (main) [   ] o.a.s.s.StartupLoggingUtils Property solr.log.muteconsole given. Muting ConsoleAppender named CONSOLE
2017-03-05 23:49:06.956 INFO  (main) [   ] o.a.s.c.SolrResourceLoader Using system property solr.solr.home: /home/mansk/workspace/article_library/solr-6.3.0/server/solr
2017-03-05 23:49:06.962 INFO  (main) [   ] o.a.s.c.SolrXmlConfig Loading container configuration from /home/mansk/workspace/article_library/solr-6.3.0/server/solr/solr.xml
2017-03-05 23:49:07.256 INFO  (main) [   ] o.a.s.u.UpdateShardHandler Creating UpdateShardHandler HTTP client with params: socketTimeout=600000&connTimeout=60000&retry=true
2017-03-05 23:49:07.316 INFO  (main) [   ] o.a.s.c.CorePropertiesLocator Found 1 core definitions underneath /home/mansk/workspace/article_library/solr-6.3.0/server/solr
2017-03-05 23:49:07.323 INFO  (main) [   ] o.a.s.c.CorePropertiesLocator Cores are: [article_library]
2017-03-05 23:49:07.374 INFO  (main) [   ] o.e.j.s.ServerConnector Started ServerConnector@24269709{HTTP/1.1,[http/1.1]}{0.0.0.0:8983}
2017-03-05 23:49:07.374 INFO  (main) [   ] o.e.j.s.Server Started @1279ms
2017-03-05 23:49:07.403 WARN  (coreLoadExecutor-6-thread-1) [   ] o.a.s.c.SolrConfig Couldn't add files from /home/mansk/workspace/article_library/solr-6.3.0/contrib/dataimporthandler/lib filtered by .*\.jar to classpath: /home/mansk/workspace/article_library/solr-6.3.0/contrib/dataimporthandler/lib
2017-03-05 23:49:07.415 INFO  (coreLoadExecutor-6-thread-1) [   ] o.a.s.c.SolrResourceLoader [article_library] Added 52 libs to classloader, from paths: [/home/mansk/workspace/article_library/solr-6.3.0/contrib/clustering/lib, /home/mansk/workspace/article_library/solr-6.3.0/contrib/extraction/lib, /home/mansk/workspace/article_library/solr-6.3.0/contrib/langid/lib, /home/mansk/workspace/article_library/solr-6.3.0/contrib/velocity/lib, /home/mansk/workspace/article_library/solr-6.3.0/dist]
2017-03-05 23:49:07.625 INFO  (coreLoadExecutor-6-thread-1) [   ] o.a.s.c.SolrConfig Using Lucene MatchVersion: 6.3.0
2017-03-05 23:49:07.829 INFO  (coreLoadExecutor-6-thread-1) [   ] o.a.s.s.IndexSchema [article_library] Schema name=example-data-driven-schema
2017-03-05 23:49:08.439 INFO  (coreLoadExecutor-6-thread-1) [   ] o.a.s.s.IndexSchema Loaded schema example-data-driven-schema/1.6 with uniqueid field id
2017-03-05 23:49:08.486 INFO  (coreLoadExecutor-6-thread-1) [   ] o.a.s.c.CoreContainer Creating SolrCore 'article_library' using configuration from instancedir /home/mansk/workspace/article_library/solr-6.3.0/server/solr/article_library
2017-03-05 23:49:08.527 INFO  (coreLoadExecutor-6-thread-1) [   x:article_library] o.a.s.c.SolrCore [[article_library] ] Opening new SolrCore at [/home/mansk/workspace/article_library/solr-6.3.0/server/solr/article_library], dataDir=[/home/mansk/workspace/article_library/solr-6.3.0/server/solr/article_library/data/]
2017-03-05 23:49:08.568 INFO  (coreLoadExecutor-6-thread-1) [   x:article_library] o.a.s.r.XSLTResponseWriter xsltCacheLifetimeSeconds=5
2017-03-05 23:49:08.850 INFO  (coreLoadExecutor-6-thread-1) [   x:article_library] o.a.s.u.UpdateHandler Using UpdateLog implementation: org.apache.solr.update.UpdateLog
2017-03-05 23:49:08.850 INFO  (coreLoadExecutor-6-thread-1) [   x:article_library] o.a.s.u.UpdateLog Initializing UpdateLog: dataDir= defaultSyncLevel=FLUSH numRecordsToKeep=100 maxNumLogsToKeep=10 numVersionBuckets=65536
2017-03-05 23:49:08.864 INFO  (coreLoadExecutor-6-thread-1) [   x:article_library] o.a.s.u.CommitTracker Hard AutoCommit: if uncommited for 15000ms; 
2017-03-05 23:49:08.864 INFO  (coreLoadExecutor-6-thread-1) [   x:article_library] o.a.s.u.CommitTracker Soft AutoCommit: disabled
2017-03-05 23:49:08.950 INFO  (coreLoadExecutor-6-thread-1) [   x:article_library] o.a.s.s.SolrIndexSearcher Opening [Searcher@504b5c4a[article_library] main]
2017-03-05 23:49:08.957 INFO  (coreLoadExecutor-6-thread-1) [   x:article_library] o.a.s.r.ManagedResourceStorage File-based storage initialized to use dir: /home/mansk/workspace/article_library/solr-6.3.0/server/solr/article_library/conf
2017-03-05 23:49:08.973 INFO  (coreLoadExecutor-6-thread-1) [   x:article_library] o.a.s.h.c.SpellCheckComponent Initializing spell checkers
2017-03-05 23:49:08.979 INFO  (coreLoadExecutor-6-thread-1) [   x:article_library] o.a.s.s.DirectSolrSpellChecker init: {name=default,field=_text_,classname=solr.DirectSolrSpellChecker,distanceMeasure=internal,accuracy=0.5,maxEdits=2,minPrefix=1,maxInspections=5,minQueryLength=4,maxQueryFrequency=0.01}
2017-03-05 23:49:08.982 INFO  (coreLoadExecutor-6-thread-1) [   x:article_library] o.a.s.h.c.QueryElevationComponent Loading QueryElevation from: /home/mansk/workspace/article_library/solr-6.3.0/server/solr/article_library/conf/elevate.xml
2017-03-05 23:49:08.998 INFO  (coreLoadExecutor-6-thread-1) [   x:article_library] o.a.s.h.ReplicationHandler Commits will be reserved for  10000
2017-03-05 23:49:09.019 INFO  (searcherExecutor-7-thread-1-processing-x:article_library) [   x:article_library] o.a.s.c.QuerySenderListener QuerySenderListener sending requests to Searcher@504b5c4a[article_library] main{ExitableDirectoryReader(UninvertingDirectoryReader(Uninverting(_3(6.3.0):C6)))}
2017-03-05 23:49:09.019 INFO  (searcherExecutor-7-thread-1-processing-x:article_library) [   x:article_library] o.a.s.c.QuerySenderListener QuerySenderListener done.
2017-03-05 23:49:09.019 INFO  (searcherExecutor-7-thread-1-processing-x:article_library) [   x:article_library] o.a.s.h.c.SpellCheckComponent Loading spell index for spellchecker: default
2017-03-05 23:49:09.019 INFO  (searcherExecutor-7-thread-1-processing-x:article_library) [   x:article_library] o.a.s.c.SolrCore [article_library] Registered new searcher Searcher@504b5c4a[article_library] main{ExitableDirectoryReader(UninvertingDirectoryReader(Uninverting(_3(6.3.0):C6)))}
2017-03-05 23:49:16.703 INFO  (qtp472654579-15) [   x:article_library] o.a.s.h.d.DataImporter Loading DIH Configuration: db-data-config.xml
2017-03-05 23:49:16.711 INFO  (qtp472654579-15) [   x:article_library] o.a.s.h.d.c.DIHConfiguration id is a required field in SolrSchema . But not found in DataConfig
2017-03-05 23:49:16.711 INFO  (qtp472654579-15) [   x:article_library] o.a.s.h.d.DataImporter Data Configuration loaded successfully
2017-03-05 23:49:16.719 INFO  (Thread-14) [   x:article_library] o.a.s.h.d.DataImporter Starting Full Import
2017-03-05 23:49:16.719 INFO  (qtp472654579-15) [   x:article_library] o.a.s.c.S.Request [article_library]  webapp=/solr path=/dataimport params={command=full-import} status=0 QTime=22
2017-03-05 23:49:16.735 INFO  (Thread-14) [   x:article_library] o.a.s.h.d.SimplePropertiesWriter Read dataimport.properties
2017-03-05 23:49:16.930 INFO  (Thread-14) [   x:article_library] o.a.s.s.SolrIndexSearcher Opening [Searcher@3ce8813b[article_library] realtime]
2017-03-05 23:49:16.983 INFO  (Thread-14) [   x:article_library] o.a.s.h.d.JdbcDataSource Creating a connection for entity id with URL: jdbc:mysql://localhost:3306/article_library
2017-03-05 23:49:17.334 INFO  (Thread-14) [   x:article_library] o.a.s.h.d.JdbcDataSource Time taken for getConnection(): 351
2017-03-05 23:49:17.374 INFO  (Thread-14) [   x:article_library] o.a.s.h.d.DocBuilder Import completed successfully
2017-03-05 23:49:17.375 INFO  (Thread-14) [   x:article_library] o.a.s.u.DirectUpdateHandler2 start commit{,optimize=false,openSearcher=true,waitSearcher=true,expungeDeletes=false,softCommit=false,prepareCommit=false}
2017-03-05 23:49:17.375 INFO  (Thread-14) [   x:article_library] o.a.s.u.SolrIndexWriter Calling setCommitData with IW:org.apache.solr.update.SolrIndexWriter@6dc09bae
2017-03-05 23:49:17.525 INFO  (Thread-14) [   x:article_library] o.a.s.s.SolrIndexSearcher Opening [Searcher@51e42a5c[article_library] main]
2017-03-05 23:49:17.533 INFO  (Thread-14) [   x:article_library] o.a.s.u.DirectUpdateHandler2 end_commit_flush
2017-03-05 23:49:17.535 INFO  (searcherExecutor-7-thread-1-processing-x:article_library) [   x:article_library] o.a.s.c.QuerySenderListener QuerySenderListener sending requests to Searcher@51e42a5c[article_library] main{ExitableDirectoryReader(UninvertingDirectoryReader(Uninverting(_4(6.3.0):C8)))}
2017-03-05 23:49:17.535 INFO  (searcherExecutor-7-thread-1-processing-x:article_library) [   x:article_library] o.a.s.c.QuerySenderListener QuerySenderListener done.
2017-03-05 23:49:17.536 INFO  (searcherExecutor-7-thread-1-processing-x:article_library) [   x:article_library] o.a.s.c.SolrCore [article_library] Registered new searcher Searcher@51e42a5c[article_library] main{ExitableDirectoryReader(UninvertingDirectoryReader(Uninverting(_4(6.3.0):C8)))}
2017-03-05 23:49:17.540 INFO  (Thread-14) [   x:article_library] o.a.s.h.d.SimplePropertiesWriter Read dataimport.properties
2017-03-05 23:49:17.542 INFO  (Thread-14) [   x:article_library] o.a.s.h.d.SimplePropertiesWriter Wrote last indexed time to dataimport.properties
2017-03-05 23:49:17.542 INFO  (Thread-14) [   x:article_library] o.a.s.h.d.DocBuilder Time taken = 0:0:0.806
2017-03-05 23:49:17.543 INFO  (Thread-14) [   x:article_library] o.a.s.u.p.LogUpdateProcessorFactory [article_library]  webapp=/solr path=/dataimport params={command=full-import} status=0 QTime=22{deleteByQuery=*:* (-1561075653612142592),add=[2 (1561075654159499264), 6 (1561075654189907968), 7 (1561075654190956544), 9 (1561075654192005120), 10 (1561075654193053696), 12 (1561075654194102272), 13 (1561075654195150848), 14 (1561075654195150849)],commit=} 0 846
2017-03-05 23:49:22.115 INFO  (qtp472654579-13) [   x:article_library] o.a.s.h.d.DataImporter Loading DIH Configuration: db-data-config.xml
2017-03-05 23:49:22.121 INFO  (qtp472654579-13) [   x:article_library] o.a.s.h.d.c.DIHConfiguration id is a required field in SolrSchema . But not found in DataConfig
2017-03-05 23:49:22.123 INFO  (qtp472654579-13) [   x:article_library] o.a.s.h.d.DataImporter Data Configuration loaded successfully
2017-03-05 23:49:22.137 INFO  (qtp472654579-13) [   x:article_library] o.a.s.c.S.Request [article_library]  webapp=/solr path=/dataimport params={command=full-import} status=0 QTime=22
2017-03-05 23:49:22.138 INFO  (Thread-16) [   x:article_library] o.a.s.h.d.DataImporter Starting Full Import
2017-03-05 23:49:22.161 INFO  (Thread-16) [   x:article_library] o.a.s.h.d.SimplePropertiesWriter Read dataimport.properties
2017-03-05 23:49:22.165 INFO  (Thread-16) [   x:article_library] o.a.s.s.SolrIndexSearcher Opening [Searcher@31408292[article_library] realtime]
2017-03-05 23:49:22.179 INFO  (Thread-16) [   x:article_library] o.a.s.h.d.JdbcDataSource Creating a connection for entity id with URL: jdbc:mysql://localhost:3306/article_library
2017-03-05 23:49:22.221 INFO  (Thread-16) [   x:article_library] o.a.s.h.d.JdbcDataSource Time taken for getConnection(): 40
2017-03-05 23:49:22.250 INFO  (Thread-16) [   x:article_library] o.a.s.h.d.DocBuilder Import completed successfully
2017-03-05 23:49:22.250 INFO  (Thread-16) [   x:article_library] o.a.s.u.DirectUpdateHandler2 start commit{,optimize=false,openSearcher=true,waitSearcher=true,expungeDeletes=false,softCommit=false,prepareCommit=false}
2017-03-05 23:49:22.251 INFO  (Thread-16) [   x:article_library] o.a.s.u.SolrIndexWriter Calling setCommitData with IW:org.apache.solr.update.SolrIndexWriter@6dc09bae
2017-03-05 23:49:22.377 INFO  (Thread-16) [   x:article_library] o.a.s.s.SolrIndexSearcher Opening [Searcher@568cb728[article_library] main]
2017-03-05 23:49:22.378 INFO  (Thread-16) [   x:article_library] o.a.s.u.DirectUpdateHandler2 end_commit_flush
2017-03-05 23:49:22.378 INFO  (searcherExecutor-7-thread-1-processing-x:article_library) [   x:article_library] o.a.s.c.QuerySenderListener QuerySenderListener sending requests to Searcher@568cb728[article_library] main{ExitableDirectoryReader(UninvertingDirectoryReader(Uninverting(_5(6.3.0):C8)))}
2017-03-05 23:49:22.379 INFO  (searcherExecutor-7-thread-1-processing-x:article_library) [   x:article_library] o.a.s.c.QuerySenderListener QuerySenderListener done.
2017-03-05 23:49:22.379 INFO  (searcherExecutor-7-thread-1-processing-x:article_library) [   x:article_library] o.a.s.c.SolrCore [article_library] Registered new searcher Searcher@568cb728[article_library] main{ExitableDirectoryReader(UninvertingDirectoryReader(Uninverting(_5(6.3.0):C8)))}
2017-03-05 23:49:22.382 INFO  (Thread-16) [   x:article_library] o.a.s.h.d.SimplePropertiesWriter Read dataimport.properties
2017-03-05 23:49:22.382 INFO  (Thread-16) [   x:article_library] o.a.s.h.d.SimplePropertiesWriter Wrote last indexed time to dataimport.properties
2017-03-05 23:49:22.382 INFO  (Thread-16) [   x:article_library] o.a.s.h.d.DocBuilder Time taken = 0:0:0.220
2017-03-05 23:49:22.382 INFO  (Thread-16) [   x:article_library] o.a.s.u.p.LogUpdateProcessorFactory [article_library]  webapp=/solr path=/dataimport params={command=full-import} status=0 QTime=22{deleteByQuery=*:* (-1561075659216781312),add=[2 (1561075659278647296), 6 (1561075659281793024), 7 (1561075659282841600), 9 (1561075659289133056), 10 (1561075659298570240), 12 (1561075659301715968), 13 (1561075659304861696), 14 (1561075659308007424)],commit=} 0 268
2017-03-05 23:49:27.545 INFO  (qtp472654579-18) [   x:article_library] o.a.s.h.d.DataImporter Loading DIH Configuration: db-data-config.xml
2017-03-05 23:49:27.547 INFO  (qtp472654579-18) [   x:article_library] o.a.s.h.d.c.DIHConfiguration id is a required field in SolrSchema . But not found in DataConfig
2017-03-05 23:49:27.547 INFO  (qtp472654579-18) [   x:article_library] o.a.s.h.d.DataImporter Data Configuration loaded successfully
2017-03-05 23:49:27.554 INFO  (Thread-17) [   x:article_library] o.a.s.h.d.DataImporter Starting Full Import
2017-03-05 23:49:27.555 INFO  (qtp472654579-18) [   x:article_library] o.a.s.c.S.Request [article_library]  webapp=/solr path=/dataimport params={command=full-import} status=0 QTime=10
2017-03-05 23:49:27.603 INFO  (Thread-17) [   x:article_library] o.a.s.h.d.SimplePropertiesWriter Read dataimport.properties
2017-03-05 23:49:27.612 INFO  (Thread-17) [   x:article_library] o.a.s.s.SolrIndexSearcher Opening [Searcher@350e6053[article_library] realtime]
2017-03-05 23:49:27.625 INFO  (Thread-17) [   x:article_library] o.a.s.h.d.JdbcDataSource Creating a connection for entity id with URL: jdbc:mysql://localhost:3306/article_library
2017-03-05 23:49:27.643 INFO  (Thread-17) [   x:article_library] o.a.s.h.d.JdbcDataSource Time taken for getConnection(): 17
2017-03-05 23:49:27.658 INFO  (Thread-17) [   x:article_library] o.a.s.h.d.DocBuilder Import completed successfully
2017-03-05 23:49:27.658 INFO  (Thread-17) [   x:article_library] o.a.s.u.DirectUpdateHandler2 start commit{,optimize=false,openSearcher=true,waitSearcher=true,expungeDeletes=false,softCommit=false,prepareCommit=false}
2017-03-05 23:49:27.658 INFO  (Thread-17) [   x:article_library] o.a.s.u.SolrIndexWriter Calling setCommitData with IW:org.apache.solr.update.SolrIndexWriter@6dc09bae
2017-03-05 23:49:27.792 INFO  (Thread-17) [   x:article_library] o.a.s.s.SolrIndexSearcher Opening [Searcher@6bda73da[article_library] main]
2017-03-05 23:49:27.795 INFO  (searcherExecutor-7-thread-1-processing-x:article_library) [   x:article_library] o.a.s.c.QuerySenderListener QuerySenderListener sending requests to Searcher@6bda73da[article_library] main{ExitableDirectoryReader(UninvertingDirectoryReader(Uninverting(_6(6.3.0):C7)))}
2017-03-05 23:49:27.795 INFO  (searcherExecutor-7-thread-1-processing-x:article_library) [   x:article_library] o.a.s.c.QuerySenderListener QuerySenderListener done.
2017-03-05 23:49:27.796 INFO  (searcherExecutor-7-thread-1-processing-x:article_library) [   x:article_library] o.a.s.c.SolrCore [article_library] Registered new searcher Searcher@6bda73da[article_library] main{ExitableDirectoryReader(UninvertingDirectoryReader(Uninverting(_6(6.3.0):C7)))}
2017-03-05 23:49:27.797 INFO  (Thread-17) [   x:article_library] o.a.s.u.DirectUpdateHandler2 end_commit_flush
2017-03-05 23:49:27.808 INFO  (Thread-17) [   x:article_library] o.a.s.h.d.SimplePropertiesWriter Read dataimport.properties
2017-03-05 23:49:27.809 INFO  (Thread-17) [   x:article_library] o.a.s.h.d.SimplePropertiesWriter Wrote last indexed time to dataimport.properties
2017-03-05 23:49:27.809 INFO  (Thread-17) [   x:article_library] o.a.s.h.d.DocBuilder Time taken = 0:0:0.206
2017-03-05 23:49:27.810 INFO  (Thread-17) [   x:article_library] o.a.s.u.p.LogUpdateProcessorFactory [article_library]  webapp=/solr path=/dataimport params={command=full-import} status=0 QTime=10{deleteByQuery=*:* (-1561075664923131904),add=[2 (1561075664965074944), 6 (1561075664968220672), 7 (1561075664973463552), 9 (1561075664974512128), 10 (1561075664975560704), 12 (1561075664977657856), 14 (1561075664978706432)],commit=} 0 265
2017-03-05 23:49:30.191 INFO  (qtp472654579-15) [   x:article_library] o.a.s.h.d.DataImporter Loading DIH Configuration: db-data-config.xml
2017-03-05 23:49:30.194 INFO  (qtp472654579-15) [   x:article_library] o.a.s.h.d.c.DIHConfiguration id is a required field in SolrSchema . But not found in DataConfig
2017-03-05 23:49:30.194 INFO  (qtp472654579-15) [   x:article_library] o.a.s.h.d.DataImporter Data Configuration loaded successfully
2017-03-05 23:49:30.196 INFO  (qtp472654579-15) [   x:article_library] o.a.s.c.S.Request [article_library]  webapp=/solr path=/dataimport params={command=full-import} status=0 QTime=4
2017-03-05 23:49:30.198 INFO  (Thread-18) [   x:article_library] o.a.s.h.d.DataImporter Starting Full Import
2017-03-05 23:49:30.206 INFO  (Thread-18) [   x:article_library] o.a.s.h.d.SimplePropertiesWriter Read dataimport.properties
2017-03-05 23:49:30.215 INFO  (Thread-18) [   x:article_library] o.a.s.s.SolrIndexSearcher Opening [Searcher@7cf5979[article_library] realtime]
2017-03-05 23:49:30.225 INFO  (Thread-18) [   x:article_library] o.a.s.h.d.JdbcDataSource Creating a connection for entity id with URL: jdbc:mysql://localhost:3306/article_library
2017-03-05 23:49:30.233 INFO  (Thread-18) [   x:article_library] o.a.s.h.d.JdbcDataSource Time taken for getConnection(): 7
2017-03-05 23:49:30.244 INFO  (Thread-18) [   x:article_library] o.a.s.h.d.DocBuilder Import completed successfully
2017-03-05 23:49:30.244 INFO  (Thread-18) [   x:article_library] o.a.s.u.DirectUpdateHandler2 start commit{,optimize=false,openSearcher=true,waitSearcher=true,expungeDeletes=false,softCommit=false,prepareCommit=false}
2017-03-05 23:49:30.245 INFO  (Thread-18) [   x:article_library] o.a.s.u.SolrIndexWriter Calling setCommitData with IW:org.apache.solr.update.SolrIndexWriter@6dc09bae
2017-03-05 23:49:30.370 INFO  (Thread-18) [   x:article_library] o.a.s.s.SolrIndexSearcher Opening [Searcher@3b03f23f[article_library] main]
2017-03-05 23:49:30.371 INFO  (Thread-18) [   x:article_library] o.a.s.u.DirectUpdateHandler2 end_commit_flush
2017-03-05 23:49:30.371 INFO  (searcherExecutor-7-thread-1-processing-x:article_library) [   x:article_library] o.a.s.c.QuerySenderListener QuerySenderListener sending requests to Searcher@3b03f23f[article_library] main{ExitableDirectoryReader(UninvertingDirectoryReader(Uninverting(_7(6.3.0):C6)))}
2017-03-05 23:49:30.371 INFO  (searcherExecutor-7-thread-1-processing-x:article_library) [   x:article_library] o.a.s.c.QuerySenderListener QuerySenderListener done.
2017-03-05 23:49:30.372 INFO  (searcherExecutor-7-thread-1-processing-x:article_library) [   x:article_library] o.a.s.c.SolrCore [article_library] Registered new searcher Searcher@3b03f23f[article_library] main{ExitableDirectoryReader(UninvertingDirectoryReader(Uninverting(_7(6.3.0):C6)))}
2017-03-05 23:49:30.374 INFO  (Thread-18) [   x:article_library] o.a.s.h.d.SimplePropertiesWriter Read dataimport.properties
2017-03-05 23:49:30.374 INFO  (Thread-18) [   x:article_library] o.a.s.h.d.SimplePropertiesWriter Wrote last indexed time to dataimport.properties
2017-03-05 23:49:30.374 INFO  (Thread-18) [   x:article_library] o.a.s.h.d.DocBuilder Time taken = 0:0:0.168
2017-03-05 23:49:30.375 INFO  (Thread-18) [   x:article_library] o.a.s.u.p.LogUpdateProcessorFactory [article_library]  webapp=/solr path=/dataimport params={command=full-import} status=0 QTime=4{deleteByQuery=*:* (-1561075667652575232),add=[2 (1561075667679838208), 6 (1561075667682983936), 7 (1561075667684032512), 9 (1561075667685081088), 10 (1561075667687178240), 14 (1561075667689275392)],commit=} 0 183
2017-03-05 23:49:35.873 INFO  (qtp472654579-18) [   x:article_library] o.a.s.h.d.DataImporter Loading DIH Configuration: db-data-config.xml
2017-03-05 23:49:35.877 INFO  (qtp472654579-18) [   x:article_library] o.a.s.h.d.c.DIHConfiguration id is a required field in SolrSchema . But not found in DataConfig
2017-03-05 23:49:35.877 INFO  (qtp472654579-18) [   x:article_library] o.a.s.h.d.DataImporter Data Configuration loaded successfully
2017-03-05 23:49:35.887 INFO  (qtp472654579-18) [   x:article_library] o.a.s.c.S.Request [article_library]  webapp=/solr path=/dataimport params={command=full-import} status=0 QTime=15
2017-03-05 23:49:35.894 INFO  (Thread-19) [   x:article_library] o.a.s.h.d.DataImporter Starting Full Import
2017-03-05 23:49:35.911 INFO  (Thread-19) [   x:article_library] o.a.s.h.d.SimplePropertiesWriter Read dataimport.properties
2017-03-05 23:49:35.919 INFO  (Thread-19) [   x:article_library] o.a.s.s.SolrIndexSearcher Opening [Searcher@29ea2231[article_library] realtime]
2017-03-05 23:49:35.937 INFO  (Thread-19) [   x:article_library] o.a.s.h.d.JdbcDataSource Creating a connection for entity id with URL: jdbc:mysql://localhost:3306/article_library
2017-03-05 23:49:35.948 INFO  (Thread-19) [   x:article_library] o.a.s.h.d.JdbcDataSource Time taken for getConnection(): 10
2017-03-05 23:49:35.989 INFO  (Thread-19) [   x:article_library] o.a.s.h.d.DocBuilder Import completed successfully
2017-03-05 23:49:35.989 INFO  (Thread-19) [   x:article_library] o.a.s.u.DirectUpdateHandler2 start commit{,optimize=false,openSearcher=true,waitSearcher=true,expungeDeletes=false,softCommit=false,prepareCommit=false}
2017-03-05 23:49:35.989 INFO  (Thread-19) [   x:article_library] o.a.s.u.SolrIndexWriter Calling setCommitData with IW:org.apache.solr.update.SolrIndexWriter@6dc09bae
2017-03-05 23:49:36.118 INFO  (Thread-19) [   x:article_library] o.a.s.s.SolrIndexSearcher Opening [Searcher@40e8f6ca[article_library] main]
2017-03-05 23:49:36.120 INFO  (Thread-19) [   x:article_library] o.a.s.u.DirectUpdateHandler2 end_commit_flush
2017-03-05 23:49:36.120 INFO  (searcherExecutor-7-thread-1-processing-x:article_library) [   x:article_library] o.a.s.c.QuerySenderListener QuerySenderListener sending requests to Searcher@40e8f6ca[article_library] main{ExitableDirectoryReader(UninvertingDirectoryReader(Uninverting(_8(6.3.0):C6)))}
2017-03-05 23:49:36.120 INFO  (searcherExecutor-7-thread-1-processing-x:article_library) [   x:article_library] o.a.s.c.QuerySenderListener QuerySenderListener done.
2017-03-05 23:49:36.120 INFO  (searcherExecutor-7-thread-1-processing-x:article_library) [   x:article_library] o.a.s.c.SolrCore [article_library] Registered new searcher Searcher@40e8f6ca[article_library] main{ExitableDirectoryReader(UninvertingDirectoryReader(Uninverting(_8(6.3.0):C6)))}
2017-03-05 23:49:36.128 INFO  (Thread-19) [   x:article_library] o.a.s.h.d.SimplePropertiesWriter Read dataimport.properties
2017-03-05 23:49:36.129 INFO  (Thread-19) [   x:article_library] o.a.s.h.d.SimplePropertiesWriter Wrote last indexed time to dataimport.properties
2017-03-05 23:49:36.129 INFO  (Thread-19) [   x:article_library] o.a.s.h.d.DocBuilder Time taken = 0:0:0.217
2017-03-05 23:49:36.129 INFO  (Thread-19) [   x:article_library] o.a.s.u.p.LogUpdateProcessorFactory [article_library]  webapp=/solr path=/dataimport params={command=full-import} status=0 QTime=15{deleteByQuery=*:* (-1561075673634701312),add=[2 (1561075673673498624), 6 (1561075673689227264), 7 (1561075673704955904), 9 (1561075673706004480), 10 (1561075673707053056), 14 (1561075673708101632)],commit=} 0 257
2017-03-05 23:49:41.513 INFO  (qtp472654579-19) [   x:article_library] o.a.s.h.d.DataImporter Loading DIH Configuration: db-data-config.xml
2017-03-05 23:49:41.515 INFO  (qtp472654579-19) [   x:article_library] o.a.s.h.d.c.DIHConfiguration id is a required field in SolrSchema . But not found in DataConfig
2017-03-05 23:49:41.515 INFO  (qtp472654579-19) [   x:article_library] o.a.s.h.d.DataImporter Data Configuration loaded successfully
2017-03-05 23:49:41.516 INFO  (qtp472654579-19) [   x:article_library] o.a.s.c.S.Request [article_library]  webapp=/solr path=/dataimport params={command=full-import} status=0 QTime=3
2017-03-05 23:49:41.518 INFO  (Thread-20) [   x:article_library] o.a.s.h.d.DataImporter Starting Full Import
2017-03-05 23:49:41.528 INFO  (Thread-20) [   x:article_library] o.a.s.h.d.SimplePropertiesWriter Read dataimport.properties
2017-03-05 23:49:41.539 INFO  (Thread-20) [   x:article_library] o.a.s.s.SolrIndexSearcher Opening [Searcher@181f7529[article_library] realtime]
2017-03-05 23:49:41.549 INFO  (Thread-20) [   x:article_library] o.a.s.h.d.JdbcDataSource Creating a connection for entity id with URL: jdbc:mysql://localhost:3306/article_library
2017-03-05 23:49:41.556 INFO  (Thread-20) [   x:article_library] o.a.s.h.d.JdbcDataSource Time taken for getConnection(): 7
2017-03-05 23:49:41.565 INFO  (Thread-20) [   x:article_library] o.a.s.h.d.DocBuilder Import completed successfully
2017-03-05 23:49:41.565 INFO  (Thread-20) [   x:article_library] o.a.s.u.DirectUpdateHandler2 start commit{,optimize=false,openSearcher=true,waitSearcher=true,expungeDeletes=false,softCommit=false,prepareCommit=false}
2017-03-05 23:49:41.565 INFO  (Thread-20) [   x:article_library] o.a.s.u.SolrIndexWriter Calling setCommitData with IW:org.apache.solr.update.SolrIndexWriter@6dc09bae
2017-03-05 23:49:41.694 INFO  (Thread-20) [   x:article_library] o.a.s.s.SolrIndexSearcher Opening [Searcher@28fb585d[article_library] main]
2017-03-05 23:49:41.694 INFO  (Thread-20) [   x:article_library] o.a.s.u.DirectUpdateHandler2 end_commit_flush
2017-03-05 23:49:41.694 INFO  (searcherExecutor-7-thread-1-processing-x:article_library) [   x:article_library] o.a.s.c.QuerySenderListener QuerySenderListener sending requests to Searcher@28fb585d[article_library] main{ExitableDirectoryReader(UninvertingDirectoryReader(Uninverting(_9(6.3.0):C6)))}
2017-03-05 23:49:41.694 INFO  (searcherExecutor-7-thread-1-processing-x:article_library) [   x:article_library] o.a.s.c.QuerySenderListener QuerySenderListener done.
2017-03-05 23:49:41.694 INFO  (searcherExecutor-7-thread-1-processing-x:article_library) [   x:article_library] o.a.s.c.SolrCore [article_library] Registered new searcher Searcher@28fb585d[article_library] main{ExitableDirectoryReader(UninvertingDirectoryReader(Uninverting(_9(6.3.0):C6)))}
2017-03-05 23:49:41.696 INFO  (Thread-20) [   x:article_library] o.a.s.h.d.SimplePropertiesWriter Read dataimport.properties
2017-03-05 23:49:41.696 INFO  (Thread-20) [   x:article_library] o.a.s.h.d.SimplePropertiesWriter Wrote last indexed time to dataimport.properties
2017-03-05 23:49:41.697 INFO  (Thread-20) [   x:article_library] o.a.s.h.d.DocBuilder Time taken = 0:0:0.168
2017-03-05 23:49:41.697 INFO  (Thread-20) [   x:article_library] o.a.s.u.p.LogUpdateProcessorFactory [article_library]  webapp=/solr path=/dataimport params={command=full-import} status=0 QTime=3{deleteByQuery=*:* (-1561075679529795584),add=[2 (1561075679553912832), 6 (1561075679557058560), 7 (1561075679558107136), 9 (1561075679559155712), 10 (1561075679560204288), 14 (1561075679561252864)],commit=} 0 184
2017-03-05 23:49:53.002 INFO  (qtp472654579-17) [   x:article_library] o.a.s.h.d.DataImporter Loading DIH Configuration: db-data-config.xml
2017-03-05 23:49:53.004 INFO  (qtp472654579-17) [   x:article_library] o.a.s.h.d.c.DIHConfiguration id is a required field in SolrSchema . But not found in DataConfig
2017-03-05 23:49:53.004 INFO  (qtp472654579-17) [   x:article_library] o.a.s.h.d.DataImporter Data Configuration loaded successfully
2017-03-05 23:49:53.007 INFO  (Thread-21) [   x:article_library] o.a.s.h.d.DataImporter Starting Full Import
2017-03-05 23:49:53.007 INFO  (qtp472654579-17) [   x:article_library] o.a.s.c.S.Request [article_library]  webapp=/solr path=/dataimport params={command=full-import} status=0 QTime=4
2017-03-05 23:49:53.017 INFO  (Thread-21) [   x:article_library] o.a.s.h.d.SimplePropertiesWriter Read dataimport.properties
2017-03-05 23:49:53.020 INFO  (Thread-21) [   x:article_library] o.a.s.s.SolrIndexSearcher Opening [Searcher@913e785[article_library] realtime]
2017-03-05 23:49:53.024 INFO  (Thread-21) [   x:article_library] o.a.s.h.d.JdbcDataSource Creating a connection for entity id with URL: jdbc:mysql://localhost:3306/article_library
2017-03-05 23:49:53.031 INFO  (Thread-21) [   x:article_library] o.a.s.h.d.JdbcDataSource Time taken for getConnection(): 6
2017-03-05 23:49:53.122 INFO  (Thread-21) [   x:article_library] o.a.s.h.d.DocBuilder Import completed successfully
2017-03-05 23:49:53.123 INFO  (Thread-21) [   x:article_library] o.a.s.u.DirectUpdateHandler2 start commit{,optimize=false,openSearcher=true,waitSearcher=true,expungeDeletes=false,softCommit=false,prepareCommit=false}
2017-03-05 23:49:53.123 INFO  (Thread-21) [   x:article_library] o.a.s.u.SolrIndexWriter Calling setCommitData with IW:org.apache.solr.update.SolrIndexWriter@6dc09bae
2017-03-05 23:49:53.253 INFO  (Thread-21) [   x:article_library] o.a.s.s.SolrIndexSearcher Opening [Searcher@391dc493[article_library] main]
2017-03-05 23:49:53.256 INFO  (searcherExecutor-7-thread-1-processing-x:article_library) [   x:article_library] o.a.s.c.QuerySenderListener QuerySenderListener sending requests to Searcher@391dc493[article_library] main{ExitableDirectoryReader(UninvertingDirectoryReader(Uninverting(_a(6.3.0):C7)))}
2017-03-05 23:49:53.257 INFO  (searcherExecutor-7-thread-1-processing-x:article_library) [   x:article_library] o.a.s.c.QuerySenderListener QuerySenderListener done.
2017-03-05 23:49:53.257 INFO  (searcherExecutor-7-thread-1-processing-x:article_library) [   x:article_library] o.a.s.c.SolrCore [article_library] Registered new searcher Searcher@391dc493[article_library] main{ExitableDirectoryReader(UninvertingDirectoryReader(Uninverting(_a(6.3.0):C7)))}
2017-03-05 23:49:53.263 INFO  (Thread-21) [   x:article_library] o.a.s.u.DirectUpdateHandler2 end_commit_flush
2017-03-05 23:49:53.266 INFO  (Thread-21) [   x:article_library] o.a.s.h.d.SimplePropertiesWriter Read dataimport.properties
2017-03-05 23:49:53.267 INFO  (Thread-21) [   x:article_library] o.a.s.h.d.SimplePropertiesWriter Wrote last indexed time to dataimport.properties
2017-03-05 23:49:53.267 INFO  (Thread-21) [   x:article_library] o.a.s.h.d.DocBuilder Time taken = 0:0:0.250
2017-03-05 23:49:53.268 INFO  (Thread-21) [   x:article_library] o.a.s.u.p.LogUpdateProcessorFactory [article_library]  webapp=/solr path=/dataimport params={command=full-import} status=0 QTime=4{deleteByQuery=*:* (-1561075691570593792),add=[2 (1561075691586322432), 6 (1561075691659722752), 7 (1561075691661819904), 9 (1561075691663917056), 10 (1561075691678597120), 14 (1561075691679645696), 15 (1561075691680694272)],commit=} 0 265
2017-03-05 23:49:57.073 INFO  (qtp472654579-15) [   x:article_library] o.a.s.h.d.DataImporter Loading DIH Configuration: db-data-config.xml
2017-03-05 23:49:57.078 INFO  (qtp472654579-15) [   x:article_library] o.a.s.h.d.c.DIHConfiguration id is a required field in SolrSchema . But not found in DataConfig
2017-03-05 23:49:57.078 INFO  (qtp472654579-15) [   x:article_library] o.a.s.h.d.DataImporter Data Configuration loaded successfully
2017-03-05 23:49:57.084 INFO  (qtp472654579-15) [   x:article_library] o.a.s.c.S.Request [article_library]  webapp=/solr path=/dataimport params={command=full-import} status=0 QTime=11
2017-03-05 23:49:57.085 INFO  (Thread-22) [   x:article_library] o.a.s.h.d.DataImporter Starting Full Import
2017-03-05 23:49:57.093 INFO  (Thread-22) [   x:article_library] o.a.s.h.d.SimplePropertiesWriter Read dataimport.properties
2017-03-05 23:49:57.102 INFO  (Thread-22) [   x:article_library] o.a.s.s.SolrIndexSearcher Opening [Searcher@f4b02fc[article_library] realtime]
2017-03-05 23:49:57.134 INFO  (Thread-22) [   x:article_library] o.a.s.h.d.JdbcDataSource Creating a connection for entity id with URL: jdbc:mysql://localhost:3306/article_library
2017-03-05 23:49:57.150 INFO  (Thread-22) [   x:article_library] o.a.s.h.d.JdbcDataSource Time taken for getConnection(): 16
2017-03-05 23:49:57.182 INFO  (Thread-22) [   x:article_library] o.a.s.h.d.DocBuilder Import completed successfully
2017-03-05 23:49:57.182 INFO  (Thread-22) [   x:article_library] o.a.s.u.DirectUpdateHandler2 start commit{,optimize=false,openSearcher=true,waitSearcher=true,expungeDeletes=false,softCommit=false,prepareCommit=false}
2017-03-05 23:49:57.182 INFO  (Thread-22) [   x:article_library] o.a.s.u.SolrIndexWriter Calling setCommitData with IW:org.apache.solr.update.SolrIndexWriter@6dc09bae
2017-03-05 23:49:57.298 INFO  (Thread-22) [   x:article_library] o.a.s.s.SolrIndexSearcher Opening [Searcher@6fc7778b[article_library] main]
2017-03-05 23:49:57.299 INFO  (searcherExecutor-7-thread-1-processing-x:article_library) [   x:article_library] o.a.s.c.QuerySenderListener QuerySenderListener sending requests to Searcher@6fc7778b[article_library] main{ExitableDirectoryReader(UninvertingDirectoryReader(Uninverting(_b(6.3.0):C6)))}
2017-03-05 23:49:57.299 INFO  (Thread-22) [   x:article_library] o.a.s.u.DirectUpdateHandler2 end_commit_flush
2017-03-05 23:49:57.299 INFO  (searcherExecutor-7-thread-1-processing-x:article_library) [   x:article_library] o.a.s.c.QuerySenderListener QuerySenderListener done.
2017-03-05 23:49:57.299 INFO  (searcherExecutor-7-thread-1-processing-x:article_library) [   x:article_library] o.a.s.c.SolrCore [article_library] Registered new searcher Searcher@6fc7778b[article_library] main{ExitableDirectoryReader(UninvertingDirectoryReader(Uninverting(_b(6.3.0):C6)))}
2017-03-05 23:49:57.301 INFO  (Thread-22) [   x:article_library] o.a.s.h.d.SimplePropertiesWriter Read dataimport.properties
2017-03-05 23:49:57.301 INFO  (Thread-22) [   x:article_library] o.a.s.h.d.SimplePropertiesWriter Wrote last indexed time to dataimport.properties
2017-03-05 23:49:57.301 INFO  (Thread-22) [   x:article_library] o.a.s.h.d.DocBuilder Time taken = 0:0:0.208
2017-03-05 23:49:57.301 INFO  (Thread-22) [   x:article_library] o.a.s.u.p.LogUpdateProcessorFactory [article_library]  webapp=/solr path=/dataimport params={command=full-import} status=0 QTime=11{deleteByQuery=*:* (-1561075695845638144),add=[2 (1561075695905406976), 6 (1561075695914844160), 7 (1561075695917989888), 9 (1561075695920087040), 10 (1561075695921135616), 14 (1561075695922184192)],commit=} 0 229
2017-03-05 23:50:00.837 INFO  (qtp472654579-17) [   x:article_library] o.a.s.h.d.DataImporter Loading DIH Configuration: db-data-config.xml
2017-03-05 23:50:00.839 INFO  (qtp472654579-17) [   x:article_library] o.a.s.h.d.c.DIHConfiguration id is a required field in SolrSchema . But not found in DataConfig
2017-03-05 23:50:00.839 INFO  (qtp472654579-17) [   x:article_library] o.a.s.h.d.DataImporter Data Configuration loaded successfully
2017-03-05 23:50:00.842 INFO  (qtp472654579-17) [   x:article_library] o.a.s.c.S.Request [article_library]  webapp=/solr path=/dataimport params={command=full-import} status=0 QTime=5
2017-03-05 23:50:00.845 INFO  (Thread-23) [   x:article_library] o.a.s.h.d.DataImporter Starting Full Import
2017-03-05 23:50:00.857 INFO  (Thread-23) [   x:article_library] o.a.s.h.d.SimplePropertiesWriter Read dataimport.properties
2017-03-05 23:50:00.866 INFO  (Thread-23) [   x:article_library] o.a.s.s.SolrIndexSearcher Opening [Searcher@542f24e9[article_library] realtime]
2017-03-05 23:50:00.878 INFO  (Thread-23) [   x:article_library] o.a.s.h.d.JdbcDataSource Creating a connection for entity id with URL: jdbc:mysql://localhost:3306/article_library
2017-03-05 23:50:00.896 INFO  (Thread-23) [   x:article_library] o.a.s.h.d.JdbcDataSource Time taken for getConnection(): 17
2017-03-05 23:50:00.907 INFO  (Thread-23) [   x:article_library] o.a.s.h.d.DocBuilder Import completed successfully
2017-03-05 23:50:00.908 INFO  (Thread-23) [   x:article_library] o.a.s.u.DirectUpdateHandler2 start commit{,optimize=false,openSearcher=true,waitSearcher=true,expungeDeletes=false,softCommit=false,prepareCommit=false}
2017-03-05 23:50:00.908 INFO  (Thread-23) [   x:article_library] o.a.s.u.SolrIndexWriter Calling setCommitData with IW:org.apache.solr.update.SolrIndexWriter@6dc09bae
2017-03-05 23:50:01.034 INFO  (Thread-23) [   x:article_library] o.a.s.s.SolrIndexSearcher Opening [Searcher@439491ea[article_library] main]
2017-03-05 23:50:01.035 INFO  (searcherExecutor-7-thread-1-processing-x:article_library) [   x:article_library] o.a.s.c.QuerySenderListener QuerySenderListener sending requests to Searcher@439491ea[article_library] main{ExitableDirectoryReader(UninvertingDirectoryReader(Uninverting(_c(6.3.0):C7)))}
2017-03-05 23:50:01.035 INFO  (Thread-23) [   x:article_library] o.a.s.u.DirectUpdateHandler2 end_commit_flush
2017-03-05 23:50:01.035 INFO  (searcherExecutor-7-thread-1-processing-x:article_library) [   x:article_library] o.a.s.c.QuerySenderListener QuerySenderListener done.
2017-03-05 23:50:01.035 INFO  (searcherExecutor-7-thread-1-processing-x:article_library) [   x:article_library] o.a.s.c.SolrCore [article_library] Registered new searcher Searcher@439491ea[article_library] main{ExitableDirectoryReader(UninvertingDirectoryReader(Uninverting(_c(6.3.0):C7)))}
2017-03-05 23:50:01.041 INFO  (Thread-23) [   x:article_library] o.a.s.h.d.SimplePropertiesWriter Read dataimport.properties
2017-03-05 23:50:01.041 INFO  (Thread-23) [   x:article_library] o.a.s.h.d.SimplePropertiesWriter Wrote last indexed time to dataimport.properties
2017-03-05 23:50:01.042 INFO  (Thread-23) [   x:article_library] o.a.s.h.d.DocBuilder Time taken = 0:0:0.184
2017-03-05 23:50:01.042 INFO  (Thread-23) [   x:article_library] o.a.s.u.p.LogUpdateProcessorFactory [article_library]  webapp=/solr path=/dataimport params={command=full-import} status=0 QTime=5{deleteByQuery=*:* (-1561075699792478208),add=[2 (1561075699834421248), 6 (1561075699837566976), 7 (1561075699839664128), 9 (1561075699840712704), 10 (1561075699841761280), 14 (1561075699842809856), 16 (1561075699843858432)],commit=} 0 205
2017-03-05 23:50:04.283 INFO  (qtp472654579-12) [   x:article_library] o.a.s.h.d.DataImporter Loading DIH Configuration: db-data-config.xml
2017-03-05 23:50:04.285 INFO  (qtp472654579-12) [   x:article_library] o.a.s.h.d.c.DIHConfiguration id is a required field in SolrSchema . But not found in DataConfig
2017-03-05 23:50:04.285 INFO  (qtp472654579-12) [   x:article_library] o.a.s.h.d.DataImporter Data Configuration loaded successfully
2017-03-05 23:50:04.290 INFO  (qtp472654579-12) [   x:article_library] o.a.s.c.S.Request [article_library]  webapp=/solr path=/dataimport params={command=full-import} status=0 QTime=7
2017-03-05 23:50:04.293 INFO  (Thread-24) [   x:article_library] o.a.s.h.d.DataImporter Starting Full Import
2017-03-05 23:50:04.298 INFO  (Thread-24) [   x:article_library] o.a.s.h.d.SimplePropertiesWriter Read dataimport.properties
2017-03-05 23:50:04.308 INFO  (Thread-24) [   x:article_library] o.a.s.s.SolrIndexSearcher Opening [Searcher@14dba64d[article_library] realtime]
2017-03-05 23:50:04.320 INFO  (Thread-24) [   x:article_library] o.a.s.h.d.JdbcDataSource Creating a connection for entity id with URL: jdbc:mysql://localhost:3306/article_library
2017-03-05 23:50:04.332 INFO  (Thread-24) [   x:article_library] o.a.s.h.d.JdbcDataSource Time taken for getConnection(): 12
2017-03-05 23:50:04.357 INFO  (Thread-24) [   x:article_library] o.a.s.h.d.DocBuilder Import completed successfully
2017-03-05 23:50:04.357 INFO  (Thread-24) [   x:article_library] o.a.s.u.DirectUpdateHandler2 start commit{,optimize=false,openSearcher=true,waitSearcher=true,expungeDeletes=false,softCommit=false,prepareCommit=false}
2017-03-05 23:50:04.357 INFO  (Thread-24) [   x:article_library] o.a.s.u.SolrIndexWriter Calling setCommitData with IW:org.apache.solr.update.SolrIndexWriter@6dc09bae
2017-03-05 23:50:04.506 INFO  (Thread-24) [   x:article_library] o.a.s.s.SolrIndexSearcher Opening [Searcher@334025f3[article_library] main]
2017-03-05 23:50:04.508 INFO  (searcherExecutor-7-thread-1-processing-x:article_library) [   x:article_library] o.a.s.c.QuerySenderListener QuerySenderListener sending requests to Searcher@334025f3[article_library] main{ExitableDirectoryReader(UninvertingDirectoryReader(Uninverting(_d(6.3.0):C6)))}
2017-03-05 23:50:04.508 INFO  (searcherExecutor-7-thread-1-processing-x:article_library) [   x:article_library] o.a.s.c.QuerySenderListener QuerySenderListener done.
2017-03-05 23:50:04.508 INFO  (searcherExecutor-7-thread-1-processing-x:article_library) [   x:article_library] o.a.s.c.SolrCore [article_library] Registered new searcher Searcher@334025f3[article_library] main{ExitableDirectoryReader(UninvertingDirectoryReader(Uninverting(_d(6.3.0):C6)))}
2017-03-05 23:50:04.508 INFO  (Thread-24) [   x:article_library] o.a.s.u.DirectUpdateHandler2 end_commit_flush
2017-03-05 23:50:04.512 INFO  (Thread-24) [   x:article_library] o.a.s.h.d.SimplePropertiesWriter Read dataimport.properties
2017-03-05 23:50:04.513 INFO  (Thread-24) [   x:article_library] o.a.s.h.d.SimplePropertiesWriter Wrote last indexed time to dataimport.properties
2017-03-05 23:50:04.514 INFO  (Thread-24) [   x:article_library] o.a.s.h.d.DocBuilder Time taken = 0:0:0.215
2017-03-05 23:50:04.514 INFO  (Thread-24) [   x:article_library] o.a.s.u.p.LogUpdateProcessorFactory [article_library]  webapp=/solr path=/dataimport params={command=full-import} status=0 QTime=7{deleteByQuery=*:* (-1561075703399579648),add=[2 (1561075703440474112), 6 (1561075703447814144), 7 (1561075703448862720), 9 (1561075703449911296), 10 (1561075703459348480), 14 (1561075703460397056)],commit=} 0 231
2017-03-05 23:50:53.236 INFO  (qtp472654579-13) [   x:article_library] o.a.s.h.d.DataImporter Loading DIH Configuration: db-data-config.xml
2017-03-05 23:50:53.238 INFO  (qtp472654579-13) [   x:article_library] o.a.s.h.d.c.DIHConfiguration id is a required field in SolrSchema . But not found in DataConfig
2017-03-05 23:50:53.238 INFO  (qtp472654579-13) [   x:article_library] o.a.s.h.d.DataImporter Data Configuration loaded successfully
2017-03-05 23:50:53.240 INFO  (qtp472654579-13) [   x:article_library] o.a.s.c.S.Request [article_library]  webapp=/solr path=/dataimport params={command=full-import} status=0 QTime=4
2017-03-05 23:50:53.240 INFO  (Thread-25) [   x:article_library] o.a.s.h.d.DataImporter Starting Full Import
2017-03-05 23:50:53.253 INFO  (Thread-25) [   x:article_library] o.a.s.h.d.SimplePropertiesWriter Read dataimport.properties
2017-03-05 23:50:53.258 INFO  (Thread-25) [   x:article_library] o.a.s.s.SolrIndexSearcher Opening [Searcher@329f4741[article_library] realtime]
2017-03-05 23:50:53.268 INFO  (Thread-25) [   x:article_library] o.a.s.h.d.JdbcDataSource Creating a connection for entity id with URL: jdbc:mysql://localhost:3306/article_library
2017-03-05 23:50:53.281 INFO  (Thread-25) [   x:article_library] o.a.s.h.d.JdbcDataSource Time taken for getConnection(): 12
2017-03-05 23:50:53.302 INFO  (Thread-25) [   x:article_library] o.a.s.h.d.DocBuilder Import completed successfully
2017-03-05 23:50:53.302 INFO  (Thread-25) [   x:article_library] o.a.s.u.DirectUpdateHandler2 start commit{,optimize=false,openSearcher=true,waitSearcher=true,expungeDeletes=false,softCommit=false,prepareCommit=false}
2017-03-05 23:50:53.302 INFO  (Thread-25) [   x:article_library] o.a.s.u.SolrIndexWriter Calling setCommitData with IW:org.apache.solr.update.SolrIndexWriter@6dc09bae
2017-03-05 23:50:53.423 INFO  (Thread-25) [   x:article_library] o.a.s.s.SolrIndexSearcher Opening [Searcher@48714e4[article_library] main]
2017-03-05 23:50:53.425 INFO  (searcherExecutor-7-thread-1-processing-x:article_library) [   x:article_library] o.a.s.c.QuerySenderListener QuerySenderListener sending requests to Searcher@48714e4[article_library] main{ExitableDirectoryReader(UninvertingDirectoryReader(Uninverting(_e(6.3.0):C7)))}
2017-03-05 23:50:53.425 INFO  (searcherExecutor-7-thread-1-processing-x:article_library) [   x:article_library] o.a.s.c.QuerySenderListener QuerySenderListener done.
2017-03-05 23:50:53.425 INFO  (searcherExecutor-7-thread-1-processing-x:article_library) [   x:article_library] o.a.s.c.SolrCore [article_library] Registered new searcher Searcher@48714e4[article_library] main{ExitableDirectoryReader(UninvertingDirectoryReader(Uninverting(_e(6.3.0):C7)))}
2017-03-05 23:50:53.426 INFO  (Thread-25) [   x:article_library] o.a.s.u.DirectUpdateHandler2 end_commit_flush
2017-03-05 23:50:53.432 INFO  (Thread-25) [   x:article_library] o.a.s.h.d.SimplePropertiesWriter Read dataimport.properties
2017-03-05 23:50:53.433 INFO  (Thread-25) [   x:article_library] o.a.s.h.d.SimplePropertiesWriter Wrote last indexed time to dataimport.properties
2017-03-05 23:50:53.433 INFO  (Thread-25) [   x:article_library] o.a.s.h.d.DocBuilder Time taken = 0:0:0.179
2017-03-05 23:50:53.433 INFO  (Thread-25) [   x:article_library] o.a.s.u.p.LogUpdateProcessorFactory [article_library]  webapp=/solr path=/dataimport params={command=full-import} status=0 QTime=4{deleteByQuery=*:* (-1561075754733666304),add=[2 (1561075754763026432), 6 (1561075754765123584), 7 (1561075754766172160), 9 (1561075754772463616), 10 (1561075754774560768), 14 (1561075754775609344), 17 (1561075754780852224)],commit=} 0 197
2017-03-05 23:56:57.668 INFO  (qtp472654579-21) [   x:article_library] o.a.s.h.d.DataImporter Loading DIH Configuration: db-data-config.xml
2017-03-05 23:56:57.671 INFO  (qtp472654579-21) [   x:article_library] o.a.s.h.d.c.DIHConfiguration id is a required field in SolrSchema . But not found in DataConfig
2017-03-05 23:56:57.672 INFO  (qtp472654579-21) [   x:article_library] o.a.s.h.d.DataImporter Data Configuration loaded successfully
2017-03-05 23:56:57.676 INFO  (qtp472654579-21) [   x:article_library] o.a.s.c.S.Request [article_library]  webapp=/solr path=/dataimport params={command=full-import} status=0 QTime=8
2017-03-05 23:56:57.677 INFO  (Thread-26) [   x:article_library] o.a.s.h.d.DataImporter Starting Full Import
2017-03-05 23:56:57.686 INFO  (Thread-26) [   x:article_library] o.a.s.h.d.SimplePropertiesWriter Read dataimport.properties
2017-03-05 23:56:57.690 INFO  (Thread-26) [   x:article_library] o.a.s.s.SolrIndexSearcher Opening [Searcher@713685be[article_library] realtime]
2017-03-05 23:56:57.695 INFO  (Thread-26) [   x:article_library] o.a.s.h.d.JdbcDataSource Creating a connection for entity id with URL: jdbc:mysql://localhost:3306/article_library
2017-03-05 23:56:57.705 INFO  (Thread-26) [   x:article_library] o.a.s.h.d.JdbcDataSource Time taken for getConnection(): 8
2017-03-05 23:56:57.719 INFO  (Thread-26) [   x:article_library] o.a.s.h.d.DocBuilder Import completed successfully
2017-03-05 23:56:57.719 INFO  (Thread-26) [   x:article_library] o.a.s.u.DirectUpdateHandler2 start commit{,optimize=false,openSearcher=true,waitSearcher=true,expungeDeletes=false,softCommit=false,prepareCommit=false}
2017-03-05 23:56:57.719 INFO  (Thread-26) [   x:article_library] o.a.s.u.SolrIndexWriter Calling setCommitData with IW:org.apache.solr.update.SolrIndexWriter@6dc09bae
2017-03-05 23:56:57.855 INFO  (Thread-26) [   x:article_library] o.a.s.s.SolrIndexSearcher Opening [Searcher@728b255a[article_library] main]
2017-03-05 23:56:57.856 INFO  (searcherExecutor-7-thread-1-processing-x:article_library) [   x:article_library] o.a.s.c.QuerySenderListener QuerySenderListener sending requests to Searcher@728b255a[article_library] main{ExitableDirectoryReader(UninvertingDirectoryReader(Uninverting(_f(6.3.0):C7)))}
2017-03-05 23:56:57.856 INFO  (searcherExecutor-7-thread-1-processing-x:article_library) [   x:article_library] o.a.s.c.QuerySenderListener QuerySenderListener done.
2017-03-05 23:56:57.856 INFO  (searcherExecutor-7-thread-1-processing-x:article_library) [   x:article_library] o.a.s.c.SolrCore [article_library] Registered new searcher Searcher@728b255a[article_library] main{ExitableDirectoryReader(UninvertingDirectoryReader(Uninverting(_f(6.3.0):C7)))}
2017-03-05 23:56:57.858 INFO  (Thread-26) [   x:article_library] o.a.s.u.DirectUpdateHandler2 end_commit_flush
2017-03-05 23:56:57.860 INFO  (Thread-26) [   x:article_library] o.a.s.h.d.SimplePropertiesWriter Read dataimport.properties
2017-03-05 23:56:57.861 INFO  (Thread-26) [   x:article_library] o.a.s.h.d.SimplePropertiesWriter Wrote last indexed time to dataimport.properties
2017-03-05 23:56:57.861 INFO  (Thread-26) [   x:article_library] o.a.s.h.d.DocBuilder Time taken = 0:0:0.174
2017-03-05 23:56:57.861 INFO  (Thread-26) [   x:article_library] o.a.s.u.p.LogUpdateProcessorFactory [article_library]  webapp=/solr path=/dataimport params={command=full-import} status=0 QTime=8{deleteByQuery=*:* (-1561076136868315136),add=[2 (1561076136889286656), 6 (1561076136894529536), 7 (1561076136896626688), 9 (1561076136898723840), 10 (1561076136899772416), 14 (1561076136901869568), 17 (1561076136901869569)],commit=} 0 194
2017-03-05 23:57:08.863 INFO  (qtp472654579-19) [   x:article_library] o.a.s.h.d.DataImporter Loading DIH Configuration: db-data-config.xml
2017-03-05 23:57:08.865 INFO  (qtp472654579-19) [   x:article_library] o.a.s.h.d.c.DIHConfiguration id is a required field in SolrSchema . But not found in DataConfig
2017-03-05 23:57:08.865 INFO  (qtp472654579-19) [   x:article_library] o.a.s.h.d.DataImporter Data Configuration loaded successfully
2017-03-05 23:57:08.870 INFO  (qtp472654579-19) [   x:article_library] o.a.s.c.S.Request [article_library]  webapp=/solr path=/dataimport params={command=full-import} status=0 QTime=7
2017-03-05 23:57:08.875 INFO  (Thread-27) [   x:article_library] o.a.s.h.d.DataImporter Starting Full Import
2017-03-05 23:57:08.888 INFO  (Thread-27) [   x:article_library] o.a.s.h.d.SimplePropertiesWriter Read dataimport.properties
2017-03-05 23:57:08.895 INFO  (Thread-27) [   x:article_library] o.a.s.s.SolrIndexSearcher Opening [Searcher@5491bf9b[article_library] realtime]
2017-03-05 23:57:08.900 INFO  (Thread-27) [   x:article_library] o.a.s.h.d.JdbcDataSource Creating a connection for entity id with URL: jdbc:mysql://localhost:3306/article_library
2017-03-05 23:57:08.917 INFO  (Thread-27) [   x:article_library] o.a.s.h.d.JdbcDataSource Time taken for getConnection(): 16
2017-03-05 23:57:08.928 INFO  (Thread-27) [   x:article_library] o.a.s.h.d.DocBuilder Import completed successfully
2017-03-05 23:57:08.928 INFO  (Thread-27) [   x:article_library] o.a.s.u.DirectUpdateHandler2 start commit{,optimize=false,openSearcher=true,waitSearcher=true,expungeDeletes=false,softCommit=false,prepareCommit=false}
2017-03-05 23:57:08.928 INFO  (Thread-27) [   x:article_library] o.a.s.u.SolrIndexWriter Calling setCommitData with IW:org.apache.solr.update.SolrIndexWriter@6dc09bae
2017-03-05 23:57:09.055 INFO  (Thread-27) [   x:article_library] o.a.s.s.SolrIndexSearcher Opening [Searcher@4519190c[article_library] main]
2017-03-05 23:57:09.057 INFO  (searcherExecutor-7-thread-1-processing-x:article_library) [   x:article_library] o.a.s.c.QuerySenderListener QuerySenderListener sending requests to Searcher@4519190c[article_library] main{ExitableDirectoryReader(UninvertingDirectoryReader(Uninverting(_g(6.3.0):C8)))}
2017-03-05 23:57:09.057 INFO  (Thread-27) [   x:article_library] o.a.s.u.DirectUpdateHandler2 end_commit_flush
2017-03-05 23:57:09.057 INFO  (searcherExecutor-7-thread-1-processing-x:article_library) [   x:article_library] o.a.s.c.QuerySenderListener QuerySenderListener done.
2017-03-05 23:57:09.057 INFO  (searcherExecutor-7-thread-1-processing-x:article_library) [   x:article_library] o.a.s.c.SolrCore [article_library] Registered new searcher Searcher@4519190c[article_library] main{ExitableDirectoryReader(UninvertingDirectoryReader(Uninverting(_g(6.3.0):C8)))}
2017-03-05 23:57:09.059 INFO  (Thread-27) [   x:article_library] o.a.s.h.d.SimplePropertiesWriter Read dataimport.properties
2017-03-05 23:57:09.060 INFO  (Thread-27) [   x:article_library] o.a.s.h.d.SimplePropertiesWriter Wrote last indexed time to dataimport.properties
2017-03-05 23:57:09.060 INFO  (Thread-27) [   x:article_library] o.a.s.h.d.DocBuilder Time taken = 0:0:0.172
2017-03-05 23:57:09.060 INFO  (Thread-27) [   x:article_library] o.a.s.u.p.LogUpdateProcessorFactory [article_library]  webapp=/solr path=/dataimport params={command=full-import} status=0 QTime=7{deleteByQuery=*:* (-1561076148615512064),add=[2 (1561076148645920768), 6 (1561076148648017920), 7 (1561076148648017921), 9 (1561076148649066496), 10 (1561076148650115072), 14 (1561076148655357952), 17 (1561076148655357953), 18 (1561076148656406528)],commit=} 0 197
2017-03-05 23:57:17.680 INFO  (qtp472654579-12) [   x:article_library] o.a.s.h.d.DataImporter Loading DIH Configuration: db-data-config.xml
2017-03-05 23:57:17.682 INFO  (qtp472654579-12) [   x:article_library] o.a.s.h.d.c.DIHConfiguration id is a required field in SolrSchema . But not found in DataConfig
2017-03-05 23:57:17.682 INFO  (qtp472654579-12) [   x:article_library] o.a.s.h.d.DataImporter Data Configuration loaded successfully
2017-03-05 23:57:17.683 INFO  (Thread-28) [   x:article_library] o.a.s.h.d.DataImporter Starting Full Import
2017-03-05 23:57:17.683 INFO  (qtp472654579-12) [   x:article_library] o.a.s.c.S.Request [article_library]  webapp=/solr path=/dataimport params={command=full-import} status=0 QTime=3
2017-03-05 23:57:17.696 INFO  (Thread-28) [   x:article_library] o.a.s.h.d.SimplePropertiesWriter Read dataimport.properties
2017-03-05 23:57:17.700 INFO  (Thread-28) [   x:article_library] o.a.s.s.SolrIndexSearcher Opening [Searcher@1bc78c9a[article_library] realtime]
2017-03-05 23:57:17.705 INFO  (Thread-28) [   x:article_library] o.a.s.h.d.JdbcDataSource Creating a connection for entity id with URL: jdbc:mysql://localhost:3306/article_library
2017-03-05 23:57:17.716 INFO  (Thread-28) [   x:article_library] o.a.s.h.d.JdbcDataSource Time taken for getConnection(): 10
2017-03-05 23:57:17.728 INFO  (Thread-28) [   x:article_library] o.a.s.h.d.DocBuilder Import completed successfully
2017-03-05 23:57:17.728 INFO  (Thread-28) [   x:article_library] o.a.s.u.DirectUpdateHandler2 start commit{,optimize=false,openSearcher=true,waitSearcher=true,expungeDeletes=false,softCommit=false,prepareCommit=false}
2017-03-05 23:57:17.728 INFO  (Thread-28) [   x:article_library] o.a.s.u.SolrIndexWriter Calling setCommitData with IW:org.apache.solr.update.SolrIndexWriter@6dc09bae
2017-03-05 23:57:17.844 INFO  (Thread-28) [   x:article_library] o.a.s.s.SolrIndexSearcher Opening [Searcher@15c11c30[article_library] main]
2017-03-05 23:57:17.846 INFO  (searcherExecutor-7-thread-1-processing-x:article_library) [   x:article_library] o.a.s.c.QuerySenderListener QuerySenderListener sending requests to Searcher@15c11c30[article_library] main{ExitableDirectoryReader(UninvertingDirectoryReader(Uninverting(_h(6.3.0):C7)))}
2017-03-05 23:57:17.846 INFO  (searcherExecutor-7-thread-1-processing-x:article_library) [   x:article_library] o.a.s.c.QuerySenderListener QuerySenderListener done.
2017-03-05 23:57:17.847 INFO  (Thread-28) [   x:article_library] o.a.s.u.DirectUpdateHandler2 end_commit_flush
2017-03-05 23:57:17.847 INFO  (searcherExecutor-7-thread-1-processing-x:article_library) [   x:article_library] o.a.s.c.SolrCore [article_library] Registered new searcher Searcher@15c11c30[article_library] main{ExitableDirectoryReader(UninvertingDirectoryReader(Uninverting(_h(6.3.0):C7)))}
2017-03-05 23:57:17.853 INFO  (Thread-28) [   x:article_library] o.a.s.h.d.SimplePropertiesWriter Read dataimport.properties
2017-03-05 23:57:17.853 INFO  (Thread-28) [   x:article_library] o.a.s.h.d.SimplePropertiesWriter Wrote last indexed time to dataimport.properties
2017-03-05 23:57:17.853 INFO  (Thread-28) [   x:article_library] o.a.s.h.d.DocBuilder Time taken = 0:0:0.156
2017-03-05 23:57:17.853 INFO  (Thread-28) [   x:article_library] o.a.s.u.p.LogUpdateProcessorFactory [article_library]  webapp=/solr path=/dataimport params={command=full-import} status=0 QTime=3{deleteByQuery=*:* (-1561076157851369472),add=[2 (1561076157872340992), 6 (1561076157877583872), 7 (1561076157879681024), 9 (1561076157880729600), 10 (1561076157881778176), 14 (1561076157881778177), 17 (1561076157882826752)],commit=} 0 173
2017-03-06 00:22:13.547 INFO  (qtp472654579-15) [   x:article_library] o.a.s.c.S.Request [article_library]  webapp=/solr path=/select params={q=title:ww%2BOR%2B"ww"^5+body:ww%2BOR%2B"ww"^5&defType=edismax&indent=c&qf=title^10+body^6&fl=id,title,body&wt=json} hits=0 status=0 QTime=72
2017-03-06 00:22:14.945 INFO  (qtp472654579-16) [   x:article_library] o.a.s.c.S.Request [article_library]  webapp=/solr path=/select params={q=title:www%2BOR%2B"www"^5+body:www%2BOR%2B"www"^5&defType=edismax&indent=c&qf=title^10+body^6&fl=id,title,body&wt=json} hits=0 status=0 QTime=9
2017-03-06 00:22:17.771 INFO  (qtp472654579-21) [   x:article_library] o.a.s.c.S.Request [article_library]  webapp=/solr path=/select params={q=title:wwe%2BOR%2B"wwe"^5+body:wwe%2BOR%2B"wwe"^5&defType=edismax&indent=c&qf=title^10+body^6&fl=id,title,body&wt=json} hits=0 status=0 QTime=8
2017-03-06 00:22:23.496 INFO  (qtp472654579-20) [   x:article_library] o.a.s.c.S.Request [article_library]  webapp=/solr path=/select params={q=title:eee%2BOR%2B"eee"^5+body:eee%2BOR%2B"eee"^5&defType=edismax&indent=c&qf=title^10+body^6&fl=id,title,body&wt=json} hits=1 status=0 QTime=23
2017-03-06 00:22:37.500 INFO  (qtp472654579-17) [   x:article_library] o.a.s.c.S.Request [article_library]  webapp=/solr path=/select params={q=title:mohamed%2BOR%2B"mohamed"^5+body:mohamed%2BOR%2B"mohamed"^5&defType=edismax&indent=c&qf=title^10+body^6&fl=id,title,body&wt=json} hits=1 status=0 QTime=24
2017-03-06 00:22:55.880 INFO  (qtp472654579-13) [   x:article_library] o.a.s.h.d.DataImporter Loading DIH Configuration: db-data-config.xml
2017-03-06 00:22:55.885 INFO  (qtp472654579-13) [   x:article_library] o.a.s.h.d.c.DIHConfiguration id is a required field in SolrSchema . But not found in DataConfig
2017-03-06 00:22:55.886 INFO  (qtp472654579-13) [   x:article_library] o.a.s.h.d.DataImporter Data Configuration loaded successfully
2017-03-06 00:22:55.888 INFO  (Thread-29) [   x:article_library] o.a.s.h.d.DataImporter Starting Full Import
2017-03-06 00:22:55.888 INFO  (qtp472654579-13) [   x:article_library] o.a.s.c.S.Request [article_library]  webapp=/solr path=/dataimport params={command=full-import} status=0 QTime=8
2017-03-06 00:22:55.898 INFO  (Thread-29) [   x:article_library] o.a.s.h.d.SimplePropertiesWriter Read dataimport.properties
2017-03-06 00:22:55.910 INFO  (Thread-29) [   x:article_library] o.a.s.s.SolrIndexSearcher Opening [Searcher@1124682f[article_library] realtime]
2017-03-06 00:22:55.922 INFO  (Thread-29) [   x:article_library] o.a.s.h.d.JdbcDataSource Creating a connection for entity id with URL: jdbc:mysql://localhost:3306/article_library
2017-03-06 00:22:55.934 INFO  (Thread-29) [   x:article_library] o.a.s.h.d.JdbcDataSource Time taken for getConnection(): 12
2017-03-06 00:22:55.948 INFO  (Thread-29) [   x:article_library] o.a.s.h.d.DocBuilder Import completed successfully
2017-03-06 00:22:55.948 INFO  (Thread-29) [   x:article_library] o.a.s.u.DirectUpdateHandler2 start commit{,optimize=false,openSearcher=true,waitSearcher=true,expungeDeletes=false,softCommit=false,prepareCommit=false}
2017-03-06 00:22:55.948 INFO  (Thread-29) [   x:article_library] o.a.s.u.SolrIndexWriter Calling setCommitData with IW:org.apache.solr.update.SolrIndexWriter@6dc09bae
2017-03-06 00:22:56.069 INFO  (Thread-29) [   x:article_library] o.a.s.s.SolrIndexSearcher Opening [Searcher@64cc8bac[article_library] main]
2017-03-06 00:22:56.070 INFO  (searcherExecutor-7-thread-1-processing-x:article_library) [   x:article_library] o.a.s.c.QuerySenderListener QuerySenderListener sending requests to Searcher@64cc8bac[article_library] main{ExitableDirectoryReader(UninvertingDirectoryReader(Uninverting(_i(6.3.0):C7)))}
2017-03-06 00:22:56.070 INFO  (searcherExecutor-7-thread-1-processing-x:article_library) [   x:article_library] o.a.s.c.QuerySenderListener QuerySenderListener done.
2017-03-06 00:22:56.070 INFO  (searcherExecutor-7-thread-1-processing-x:article_library) [   x:article_library] o.a.s.c.SolrCore [article_library] Registered new searcher Searcher@64cc8bac[article_library] main{ExitableDirectoryReader(UninvertingDirectoryReader(Uninverting(_i(6.3.0):C7)))}
2017-03-06 00:22:56.075 INFO  (Thread-29) [   x:article_library] o.a.s.u.DirectUpdateHandler2 end_commit_flush
2017-03-06 00:22:56.075 INFO  (Thread-29) [   x:article_library] o.a.s.h.d.SimplePropertiesWriter Read dataimport.properties
2017-03-06 00:22:56.076 INFO  (Thread-29) [   x:article_library] o.a.s.h.d.SimplePropertiesWriter Wrote last indexed time to dataimport.properties
2017-03-06 00:22:56.076 INFO  (Thread-29) [   x:article_library] o.a.s.h.d.DocBuilder Time taken = 0:0:0.177
2017-03-06 00:22:56.076 INFO  (Thread-29) [   x:article_library] o.a.s.u.p.LogUpdateProcessorFactory [article_library]  webapp=/solr path=/dataimport params={command=full-import} status=0 QTime=8{deleteByQuery=*:* (-1561077770773069824),add=[2 (1561077770811867136), 6 (1561077770816061440), 7 (1561077770817110016), 9 (1561077770818158592), 10 (1561077770820255744), 14 (1561077770822352896), 17 (1561077770823401472)],commit=} 0 195
2017-03-06 00:22:59.225 INFO  (qtp472654579-13) [   x:article_library] o.a.s.c.S.Request [article_library]  webapp=/solr path=/select params={q=title:mohamed%2BOR%2B"mohamed"^5+body:mohamed%2BOR%2B"mohamed"^5&defType=edismax&indent=c&qf=title^10+body^6&fl=id,title,body&wt=json} hits=2 status=0 QTime=10
2017-03-06 00:23:33.027 INFO  (qtp472654579-17) [   x:article_library] o.a.s.h.d.DataImporter Loading DIH Configuration: db-data-config.xml
2017-03-06 00:23:33.028 INFO  (qtp472654579-17) [   x:article_library] o.a.s.h.d.c.DIHConfiguration id is a required field in SolrSchema . But not found in DataConfig
2017-03-06 00:23:33.029 INFO  (qtp472654579-17) [   x:article_library] o.a.s.h.d.DataImporter Data Configuration loaded successfully
2017-03-06 00:23:33.032 INFO  (Thread-30) [   x:article_library] o.a.s.h.d.DataImporter Starting Full Import
2017-03-06 00:23:33.032 INFO  (qtp472654579-17) [   x:article_library] o.a.s.c.S.Request [article_library]  webapp=/solr path=/dataimport params={command=full-import} status=0 QTime=5
2017-03-06 00:23:33.037 INFO  (Thread-30) [   x:article_library] o.a.s.h.d.SimplePropertiesWriter Read dataimport.properties
2017-03-06 00:23:33.039 INFO  (Thread-30) [   x:article_library] o.a.s.s.SolrIndexSearcher Opening [Searcher@3c2bb6b0[article_library] realtime]
2017-03-06 00:23:33.044 INFO  (Thread-30) [   x:article_library] o.a.s.h.d.JdbcDataSource Creating a connection for entity id with URL: jdbc:mysql://localhost:3306/article_library
2017-03-06 00:23:33.052 INFO  (Thread-30) [   x:article_library] o.a.s.h.d.JdbcDataSource Time taken for getConnection(): 7
2017-03-06 00:23:33.060 INFO  (Thread-30) [   x:article_library] o.a.s.h.d.DocBuilder Import completed successfully
2017-03-06 00:23:33.060 INFO  (Thread-30) [   x:article_library] o.a.s.u.DirectUpdateHandler2 start commit{,optimize=false,openSearcher=true,waitSearcher=true,expungeDeletes=false,softCommit=false,prepareCommit=false}
2017-03-06 00:23:33.060 INFO  (Thread-30) [   x:article_library] o.a.s.u.SolrIndexWriter Calling setCommitData with IW:org.apache.solr.update.SolrIndexWriter@6dc09bae
2017-03-06 00:23:33.188 INFO  (Thread-30) [   x:article_library] o.a.s.s.SolrIndexSearcher Opening [Searcher@7682626e[article_library] main]
2017-03-06 00:23:33.189 INFO  (searcherExecutor-7-thread-1-processing-x:article_library) [   x:article_library] o.a.s.c.QuerySenderListener QuerySenderListener sending requests to Searcher@7682626e[article_library] main{ExitableDirectoryReader(UninvertingDirectoryReader(Uninverting(_j(6.3.0):C7)))}
2017-03-06 00:23:33.189 INFO  (searcherExecutor-7-thread-1-processing-x:article_library) [   x:article_library] o.a.s.c.QuerySenderListener QuerySenderListener done.
2017-03-06 00:23:33.189 INFO  (Thread-30) [   x:article_library] o.a.s.u.DirectUpdateHandler2 end_commit_flush
2017-03-06 00:23:33.189 INFO  (searcherExecutor-7-thread-1-processing-x:article_library) [   x:article_library] o.a.s.c.SolrCore [article_library] Registered new searcher Searcher@7682626e[article_library] main{ExitableDirectoryReader(UninvertingDirectoryReader(Uninverting(_j(6.3.0):C7)))}
2017-03-06 00:23:33.192 INFO  (Thread-30) [   x:article_library] o.a.s.h.d.SimplePropertiesWriter Read dataimport.properties
2017-03-06 00:23:33.192 INFO  (Thread-30) [   x:article_library] o.a.s.h.d.SimplePropertiesWriter Wrote last indexed time to dataimport.properties
2017-03-06 00:23:33.192 INFO  (Thread-30) [   x:article_library] o.a.s.h.d.DocBuilder Time taken = 0:0:0.155
2017-03-06 00:23:33.192 INFO  (Thread-30) [   x:article_library] o.a.s.u.p.LogUpdateProcessorFactory [article_library]  webapp=/solr path=/dataimport params={command=full-import} status=0 QTime=5{deleteByQuery=*:* (-1561077809715085312),add=[2 (1561077809730813952), 6 (1561077809732911104), 7 (1561077809732911105), 9 (1561077809737105408), 10 (1561077809738153984), 14 (1561077809738153985), 17 (1561077809739202560)],commit=} 0 165
2017-03-06 00:23:36.734 INFO  (qtp472654579-15) [   x:article_library] o.a.s.c.S.Request [article_library]  webapp=/solr path=/select params={q=title:zaki%2BOR%2B"zaki"^5+body:zaki%2BOR%2B"zaki"^5&defType=edismax&indent=c&qf=title^10+body^6&fl=id,title,body&wt=json} hits=1 status=0 QTime=4
2017-03-06 00:23:41.832 INFO  (qtp472654579-18) [   x:article_library] o.a.s.c.S.Request [article_library]  webapp=/solr path=/select params={q=title:zak%2BOR%2B"zak"^5+body:zak%2BOR%2B"zak"^5&defType=edismax&indent=c&qf=title^10+body^6&fl=id,title,body&wt=json} hits=1 status=0 QTime=12
2017-03-06 00:23:57.779 INFO  (qtp472654579-21) [   x:article_library] o.a.s.h.d.DataImporter Loading DIH Configuration: db-data-config.xml
2017-03-06 00:23:57.781 INFO  (qtp472654579-21) [   x:article_library] o.a.s.h.d.c.DIHConfiguration id is a required field in SolrSchema . But not found in DataConfig
2017-03-06 00:23:57.781 INFO  (qtp472654579-21) [   x:article_library] o.a.s.h.d.DataImporter Data Configuration loaded successfully
2017-03-06 00:23:57.788 INFO  (qtp472654579-21) [   x:article_library] o.a.s.c.S.Request [article_library]  webapp=/solr path=/dataimport params={command=full-import} status=0 QTime=10
2017-03-06 00:23:57.802 INFO  (Thread-31) [   x:article_library] o.a.s.h.d.DataImporter Starting Full Import
2017-03-06 00:23:57.812 INFO  (Thread-31) [   x:article_library] o.a.s.h.d.SimplePropertiesWriter Read dataimport.properties
2017-03-06 00:23:57.825 INFO  (Thread-31) [   x:article_library] o.a.s.s.SolrIndexSearcher Opening [Searcher@76f6ff42[article_library] realtime]
2017-03-06 00:23:57.853 INFO  (Thread-31) [   x:article_library] o.a.s.h.d.JdbcDataSource Creating a connection for entity id with URL: jdbc:mysql://localhost:3306/article_library
2017-03-06 00:23:57.860 INFO  (Thread-31) [   x:article_library] o.a.s.h.d.JdbcDataSource Time taken for getConnection(): 7
2017-03-06 00:23:57.880 INFO  (Thread-31) [   x:article_library] o.a.s.h.d.DocBuilder Import completed successfully
2017-03-06 00:23:57.880 INFO  (Thread-31) [   x:article_library] o.a.s.u.DirectUpdateHandler2 start commit{,optimize=false,openSearcher=true,waitSearcher=true,expungeDeletes=false,softCommit=false,prepareCommit=false}
2017-03-06 00:23:57.880 INFO  (Thread-31) [   x:article_library] o.a.s.u.SolrIndexWriter Calling setCommitData with IW:org.apache.solr.update.SolrIndexWriter@6dc09bae
2017-03-06 00:23:58.024 INFO  (Thread-31) [   x:article_library] o.a.s.s.SolrIndexSearcher Opening [Searcher@3fc9758d[article_library] main]
2017-03-06 00:23:58.025 INFO  (searcherExecutor-7-thread-1-processing-x:article_library) [   x:article_library] o.a.s.c.QuerySenderListener QuerySenderListener sending requests to Searcher@3fc9758d[article_library] main{ExitableDirectoryReader(UninvertingDirectoryReader(Uninverting(_k(6.3.0):C8)))}
2017-03-06 00:23:58.025 INFO  (searcherExecutor-7-thread-1-processing-x:article_library) [   x:article_library] o.a.s.c.QuerySenderListener QuerySenderListener done.
2017-03-06 00:23:58.025 INFO  (searcherExecutor-7-thread-1-processing-x:article_library) [   x:article_library] o.a.s.c.SolrCore [article_library] Registered new searcher Searcher@3fc9758d[article_library] main{ExitableDirectoryReader(UninvertingDirectoryReader(Uninverting(_k(6.3.0):C8)))}
2017-03-06 00:23:58.047 INFO  (Thread-31) [   x:article_library] o.a.s.u.DirectUpdateHandler2 end_commit_flush
2017-03-06 00:23:58.047 INFO  (Thread-31) [   x:article_library] o.a.s.h.d.SimplePropertiesWriter Read dataimport.properties
2017-03-06 00:23:58.048 INFO  (Thread-31) [   x:article_library] o.a.s.h.d.SimplePropertiesWriter Wrote last indexed time to dataimport.properties
2017-03-06 00:23:58.048 INFO  (Thread-31) [   x:article_library] o.a.s.h.d.DocBuilder Time taken = 0:0:0.235
2017-03-06 00:23:58.049 INFO  (Thread-31) [   x:article_library] o.a.s.u.p.LogUpdateProcessorFactory [article_library]  webapp=/solr path=/dataimport params={command=full-import} status=0 QTime=10{deleteByQuery=*:* (-1561077835694604288),add=[2 (1561077835744935936), 6 (1561077835749130240), 7 (1561077835751227392), 9 (1561077835752275968), 10 (1561077835752275969), 14 (1561077835753324544), 17 (1561077835754373120), 19 (1561077835763810304)],commit=} 0 270
2017-03-06 00:24:00.051 INFO  (qtp472654579-13) [   x:article_library] o.a.s.c.S.Request [article_library]  webapp=/solr path=/select params={q=title:zaki%2BOR%2B"zaki"^5+body:zaki%2BOR%2B"zaki"^5&defType=edismax&indent=c&qf=title^10+body^6&fl=id,title,body&wt=json} hits=2 status=0 QTime=6
2017-03-06 00:25:24.603 INFO  (qtp472654579-13) [   x:article_library] o.a.s.h.d.DataImporter Loading DIH Configuration: db-data-config.xml
2017-03-06 00:25:24.607 INFO  (qtp472654579-13) [   x:article_library] o.a.s.h.d.c.DIHConfiguration id is a required field in SolrSchema . But not found in DataConfig
2017-03-06 00:25:24.607 INFO  (qtp472654579-13) [   x:article_library] o.a.s.h.d.DataImporter Data Configuration loaded successfully
2017-03-06 00:25:24.615 INFO  (Thread-32) [   x:article_library] o.a.s.h.d.DataImporter Starting Full Import
2017-03-06 00:25:24.617 INFO  (qtp472654579-13) [   x:article_library] o.a.s.c.S.Request [article_library]  webapp=/solr path=/dataimport params={command=full-import} status=0 QTime=15
2017-03-06 00:25:24.639 INFO  (Thread-32) [   x:article_library] o.a.s.h.d.SimplePropertiesWriter Read dataimport.properties
2017-03-06 00:25:24.646 INFO  (Thread-32) [   x:article_library] o.a.s.s.SolrIndexSearcher Opening [Searcher@584385d2[article_library] realtime]
2017-03-06 00:25:24.663 INFO  (Thread-32) [   x:article_library] o.a.s.h.d.JdbcDataSource Creating a connection for entity id with URL: jdbc:mysql://localhost:3306/article_library
2017-03-06 00:25:24.674 INFO  (Thread-32) [   x:article_library] o.a.s.h.d.JdbcDataSource Time taken for getConnection(): 11
2017-03-06 00:25:24.688 INFO  (Thread-32) [   x:article_library] o.a.s.h.d.DocBuilder Import completed successfully
2017-03-06 00:25:24.688 INFO  (Thread-32) [   x:article_library] o.a.s.u.DirectUpdateHandler2 start commit{,optimize=false,openSearcher=true,waitSearcher=true,expungeDeletes=false,softCommit=false,prepareCommit=false}
2017-03-06 00:25:24.689 INFO  (Thread-32) [   x:article_library] o.a.s.u.SolrIndexWriter Calling setCommitData with IW:org.apache.solr.update.SolrIndexWriter@6dc09bae
2017-03-06 00:25:24.835 INFO  (Thread-32) [   x:article_library] o.a.s.s.SolrIndexSearcher Opening [Searcher@6484a218[article_library] main]
2017-03-06 00:25:24.837 INFO  (searcherExecutor-7-thread-1-processing-x:article_library) [   x:article_library] o.a.s.c.QuerySenderListener QuerySenderListener sending requests to Searcher@6484a218[article_library] main{ExitableDirectoryReader(UninvertingDirectoryReader(Uninverting(_l(6.3.0):C9)))}
2017-03-06 00:25:24.838 INFO  (searcherExecutor-7-thread-1-processing-x:article_library) [   x:article_library] o.a.s.c.QuerySenderListener QuerySenderListener done.
2017-03-06 00:25:24.838 INFO  (searcherExecutor-7-thread-1-processing-x:article_library) [   x:article_library] o.a.s.c.SolrCore [article_library] Registered new searcher Searcher@6484a218[article_library] main{ExitableDirectoryReader(UninvertingDirectoryReader(Uninverting(_l(6.3.0):C9)))}
2017-03-06 00:25:24.844 INFO  (Thread-32) [   x:article_library] o.a.s.u.DirectUpdateHandler2 end_commit_flush
2017-03-06 00:25:24.845 INFO  (Thread-32) [   x:article_library] o.a.s.h.d.SimplePropertiesWriter Read dataimport.properties
2017-03-06 00:25:24.846 INFO  (Thread-32) [   x:article_library] o.a.s.h.d.SimplePropertiesWriter Wrote last indexed time to dataimport.properties
2017-03-06 00:25:24.846 INFO  (Thread-32) [   x:article_library] o.a.s.h.d.DocBuilder Time taken = 0:0:0.206
2017-03-06 00:25:24.846 INFO  (Thread-32) [   x:article_library] o.a.s.u.p.LogUpdateProcessorFactory [article_library]  webapp=/solr path=/dataimport params={command=full-import} status=0 QTime=15{deleteByQuery=*:* (-1561077926739312640),add=[2 (1561077926776012800), 6 (1561077926780207104), 7 (1561077926781255680), 9 (1561077926781255681), 10 (1561077926782304256), 14 (1561077926782304257), 17 (1561077926783352832), 19 (1561077926783352833), 20 (1561077926784401408)],commit=} 0 243
2017-03-06 00:25:26.978 INFO  (qtp472654579-12) [   x:article_library] o.a.s.c.S.Request [article_library]  webapp=/solr path=/select params={q=title:amp%2BOR%2B"amp"^5+body:amp%2BOR%2B"amp"^5&defType=edismax&indent=c&qf=title^10+body^6&fl=id,title,body&wt=json} hits=0 status=0 QTime=3
2017-03-06 00:25:34.612 INFO  (qtp472654579-21) [   x:article_library] o.a.s.c.S.Request [article_library]  webapp=/solr path=/select params={q=title:tamp%2BOR%2B"tamp"^5+body:tamp%2BOR%2B"tamp"^5&defType=edismax&indent=c&qf=title^10+body^6&fl=id,title,body&wt=json} hits=0 status=0 QTime=13
2017-03-06 00:25:41.434 INFO  (qtp472654579-15) [   x:article_library] o.a.s.c.S.Request [article_library]  webapp=/solr path=/select params={q=title:atam%2BOR%2B"atam"^5+body:atam%2BOR%2B"atam"^5&defType=edismax&indent=c&qf=title^10+body^6&fl=id,title,body&wt=json} hits=0 status=0 QTime=9
2017-03-06 00:25:44.927 INFO  (qtp472654579-16) [   x:article_library] o.a.s.c.S.Request [article_library]  webapp=/solr path=/select params={q=title:stam%2BOR%2B"stam"^5+body:stam%2BOR%2B"stam"^5&defType=edismax&indent=c&qf=title^10+body^6&fl=id,title,body&wt=json} hits=1 status=0 QTime=5
2017-03-06 00:25:48.514 INFO  (qtp472654579-17) [   x:article_library] o.a.s.c.S.Request [article_library]  webapp=/solr path=/select params={q=title:tamp%2BOR%2B"tamp"^5+body:tamp%2BOR%2B"tamp"^5&defType=edismax&indent=c&qf=title^10+body^6&fl=id,title,body&wt=json} hits=0 status=0 QTime=1
2017-03-06 00:26:58.176 INFO  (qtp472654579-18) [   x:article_library] o.a.s.h.d.DataImporter Loading DIH Configuration: db-data-config.xml
2017-03-06 00:26:58.178 INFO  (qtp472654579-18) [   x:article_library] o.a.s.h.d.c.DIHConfiguration id is a required field in SolrSchema . But not found in DataConfig
2017-03-06 00:26:58.178 INFO  (qtp472654579-18) [   x:article_library] o.a.s.h.d.DataImporter Data Configuration loaded successfully
2017-03-06 00:26:58.190 INFO  (Thread-33) [   x:article_library] o.a.s.h.d.DataImporter Starting Full Import
2017-03-06 00:26:58.190 INFO  (qtp472654579-18) [   x:article_library] o.a.s.c.S.Request [article_library]  webapp=/solr path=/dataimport params={command=full-import} status=0 QTime=13
2017-03-06 00:26:58.201 INFO  (Thread-33) [   x:article_library] o.a.s.h.d.SimplePropertiesWriter Read dataimport.properties
2017-03-06 00:26:58.212 INFO  (Thread-33) [   x:article_library] o.a.s.s.SolrIndexSearcher Opening [Searcher@6af1b44e[article_library] realtime]
2017-03-06 00:26:58.216 INFO  (Thread-33) [   x:article_library] o.a.s.h.d.JdbcDataSource Creating a connection for entity id with URL: jdbc:mysql://localhost:3306/article_library
2017-03-06 00:26:58.227 INFO  (Thread-33) [   x:article_library] o.a.s.h.d.JdbcDataSource Time taken for getConnection(): 11
2017-03-06 00:26:58.234 INFO  (Thread-33) [   x:article_library] o.a.s.h.d.DocBuilder Import completed successfully
2017-03-06 00:26:58.234 INFO  (Thread-33) [   x:article_library] o.a.s.u.DirectUpdateHandler2 start commit{,optimize=false,openSearcher=true,waitSearcher=true,expungeDeletes=false,softCommit=false,prepareCommit=false}
2017-03-06 00:26:58.234 INFO  (Thread-33) [   x:article_library] o.a.s.u.SolrIndexWriter Calling setCommitData with IW:org.apache.solr.update.SolrIndexWriter@6dc09bae
2017-03-06 00:26:58.360 INFO  (Thread-33) [   x:article_library] o.a.s.s.SolrIndexSearcher Opening [Searcher@7619dc3a[article_library] main]
2017-03-06 00:26:58.361 INFO  (searcherExecutor-7-thread-1-processing-x:article_library) [   x:article_library] o.a.s.c.QuerySenderListener QuerySenderListener sending requests to Searcher@7619dc3a[article_library] main{ExitableDirectoryReader(UninvertingDirectoryReader(Uninverting(_m(6.3.0):C9)))}
2017-03-06 00:26:58.361 INFO  (searcherExecutor-7-thread-1-processing-x:article_library) [   x:article_library] o.a.s.c.QuerySenderListener QuerySenderListener done.
2017-03-06 00:26:58.361 INFO  (searcherExecutor-7-thread-1-processing-x:article_library) [   x:article_library] o.a.s.c.SolrCore [article_library] Registered new searcher Searcher@7619dc3a[article_library] main{ExitableDirectoryReader(UninvertingDirectoryReader(Uninverting(_m(6.3.0):C9)))}
2017-03-06 00:26:58.362 INFO  (Thread-33) [   x:article_library] o.a.s.u.DirectUpdateHandler2 end_commit_flush
2017-03-06 00:26:58.364 INFO  (Thread-33) [   x:article_library] o.a.s.h.d.SimplePropertiesWriter Read dataimport.properties
2017-03-06 00:26:58.364 INFO  (Thread-33) [   x:article_library] o.a.s.h.d.SimplePropertiesWriter Wrote last indexed time to dataimport.properties
2017-03-06 00:26:58.365 INFO  (Thread-33) [   x:article_library] o.a.s.h.d.DocBuilder Time taken = 0:0:0.164
2017-03-06 00:26:58.365 INFO  (Thread-33) [   x:article_library] o.a.s.u.p.LogUpdateProcessorFactory [article_library]  webapp=/solr path=/dataimport params={command=full-import} status=0 QTime=13{deleteByQuery=*:* (-1561078024845131776),add=[2 (1561078024873443328), 6 (1561078024875540480), 7 (1561078024876589056), 9 (1561078024876589057), 10 (1561078024877637632), 14 (1561078024877637633), 17 (1561078024878686208), 19 (1561078024878686209), 20 (1561078024878686210)],commit=} 0 189
2017-03-06 00:27:00.028 INFO  (qtp472654579-15) [   x:article_library] o.a.s.c.S.Request [article_library]  webapp=/solr path=/select params={q=title:data%2BOR%2B"data"^5+body:data%2BOR%2B"data"^5&defType=edismax&indent=c&qf=title^10+body^6&fl=id,title,body&wt=json} hits=1 status=0 QTime=4
2017-03-06 01:00:42.551 INFO  (qtp472654579-21) [   x:article_library] o.a.s.c.S.Request [article_library]  webapp=/solr path=/select params={q=title:test%2BOR%2B"test"^5+body:test%2BOR%2B"test"^5&defType=edismax&indent=c&qf=title^10+body^6&fl=id,title,body&wt=json} hits=5 status=0 QTime=18
